<?xml version="1.0" encoding="UTF-8"?>
<!-- Generated by org.testng.reporters.JUnitXMLReporter -->
<testsuite hostname="Meenas-Lenovo" ignored="4" name="Default test" tests="1" failures="0" timestamp="2021-10-09T22:50:36 PDT" time="31.303" errors="0">
  <testcase name="bookRecurranceEvent" time="17.104" classname="com.training.test.random.RandomTest"/>
  <testcase name="verifyFirstAndLastName" time="0.0" classname="com.training.test.random.RandomTest">
    <ignored/>
  </testcase> <!-- verifyFirstAndLastName -->
  <testcase name="customizeTabs" time="0.0" classname="com.training.test.random.RandomTest">
    <ignored/>
  </testcase> <!-- customizeTabs -->
  <testcase name="verifyLastNameUpdate" time="0.0" classname="com.training.test.random.RandomTest">
    <ignored/>
  </testcase> <!-- verifyLastNameUpdate -->
  <testcase name="blockEventInCalendar" time="0.0" classname="com.training.test.random.RandomTest">
    <ignored/>
  </testcase> <!-- blockEventInCalendar -->
</testsuite> <!-- Default test -->
