<?xml version="1.0" encoding="UTF-8"?>
<!-- Generated by org.testng.reporters.JUnitXMLReporter -->
<testsuite hostname="Meenas-Lenovo" ignored="2" name="Default test" tests="1" failures="0" timestamp="2021-09-27T00:39:12 PDT" time="37.282" errors="0">
  <testcase name="selectMySettings" time="28.766" classname="com.training.test.home.HomeTest"/>
  <testcase name="selectUserMenuDropDown" time="0.0" classname="com.training.test.home.HomeTest">
    <ignored/>
  </testcase> <!-- selectUserMenuDropDown -->
  <testcase name="selectMyProfile" time="0.0" classname="com.training.test.home.HomeTest">
    <ignored/>
  </testcase> <!-- selectMyProfile -->
</testsuite> <!-- Default test -->
