<?xml version="1.0" encoding="UTF-8"?>
<!-- Generated by org.testng.reporters.JUnitXMLReporter -->
<testsuite hostname="Meenas-Lenovo" ignored="0" name="Test" tests="1" failures="0" timestamp="2021-09-22T17:14:47 PDT" time="0.826" errors="0">
  <testcase name="@BeforeMethod beforeTest" time="0.751" classname="com.training.test.login.LoginTest">
    <failure type="java.lang.NullPointerException">
      <![CDATA[java.lang.NullPointerException
at com.training.test.login.LoginTest.beforeTest(LoginTest.java:21)
at java.util.ArrayList.forEach(ArrayList.java:1249)
... Removed 31 stack frames]]>
    </failure>
  </testcase> <!-- @BeforeMethod beforeTest -->
  <testcase name="@AfterMethod tearDown" time="-1.632356087504E9" classname="com.training.test.login.LoginTest">
    <skipped/>
  </testcase> <!-- @AfterMethod tearDown -->
  <testcase name="validateLogin" time="0.0" classname="com.training.test.login.LoginTest">
    <skipped/>
  </testcase> <!-- validateLogin -->
</testsuite> <!-- Test -->
